RANKING:
PLAYER: Isgalamido 150 KILLS
PLAYER: Zeh 124 KILLS
PLAYER: Oootsimo 114 KILLS
PLAYER: Assasinu Credi 111 KILLS
PLAYER: Dono da Bola 60 KILLS
PLAYER: Chessus 33 KILLS
PLAYER: Chessus! 0 KILLS
PLAYER: Maluquinho 0 KILLS
PLAYER: UnnamedPlayer 0 KILLS
PLAYER: Fasano Again 0 KILLS
PLAYER: Mocinha 0 KILLS
PLAYER: Mal -3 KILLS

Game 1:
PLAYER: Isgalamido 0 KILLS

Causas dos Abates:

Game 2:
PLAYER: Isgalamido -3 KILLS
PLAYER: Dono da Bola 0 KILLS
PLAYER: Mocinha 0 KILLS

Causas dos Abates:
Motivo: MOD_TRIGGER_HURT 7 vezes
Motivo: MOD_ROCKET_SPLASH 3 vezes
Motivo: MOD_FALLING 1 vezes

Game 3:
PLAYER: Dono da Bola -1 KILLS
PLAYER: Mocinha 0 KILLS
PLAYER: Isgalamido 1 KILLS
PLAYER: Zeh -2 KILLS

Causas dos Abates:
Motivo: MOD_ROCKET 1 vezes
Motivo: MOD_TRIGGER_HURT 2 vezes
Motivo: MOD_FALLING 1 vezes

Game 4:
PLAYER: Dono da Bola 13 KILLS
PLAYER: Isgalamido 19 KILLS
PLAYER: Zeh 20 KILLS
PLAYER: Assasinu Credi 13 KILLS

Causas dos Abates:
Motivo: MOD_TRIGGER_HURT 9 vezes
Motivo: MOD_FALLING 11 vezes
Motivo: MOD_ROCKET 20 vezes
Motivo: MOD_RAILGUN 8 vezes
Motivo: MOD_ROCKET_SPLASH 51 vezes
Motivo: MOD_MACHINEGUN 4 vezes
Motivo: MOD_SHOTGUN 2 vezes

Game 5:
PLAYER: Dono da Bola 0 KILLS
PLAYER: Isgalamido 2 KILLS
PLAYER: Zeh 1 KILLS
PLAYER: Assasinu Credi 1 KILLS

Causas dos Abates:
Motivo: MOD_ROCKET 4 vezes
Motivo: MOD_ROCKET_SPLASH 4 vezes
Motivo: MOD_TRIGGER_HURT 5 vezes
Motivo: MOD_RAILGUN 1 vezes

Game 6:
PLAYER: Fasano Again 0 KILLS
PLAYER: Oootsimo 8 KILLS
PLAYER: Isgalamido 3 KILLS
PLAYER: Zeh 7 KILLS
PLAYER: Dono da Bola 2 KILLS
PLAYER: UnnamedPlayer 0 KILLS
PLAYER: Maluquinho 0 KILLS
PLAYER: Assasinu Credi 1 KILLS
PLAYER: Mal 0 KILLS

Causas dos Abates:
Motivo: MOD_ROCKET 5 vezes
Motivo: MOD_RAILGUN 2 vezes
Motivo: MOD_SHOTGUN 4 vezes
Motivo: MOD_ROCKET_SPLASH 13 vezes
Motivo: MOD_TRIGGER_HURT 3 vezes
Motivo: MOD_FALLING 1 vezes
Motivo: MOD_MACHINEGUN 1 vezes

Game 7:
PLAYER: Oootsimo 20 KILLS
PLAYER: Isgalamido 16 KILLS
PLAYER: Zeh 9 KILLS
PLAYER: Dono da Bola 12 KILLS
PLAYER: Mal -3 KILLS
PLAYER: Assasinu Credi 22 KILLS
PLAYER: Chessus! 0 KILLS
PLAYER: Chessus 0 KILLS

Causas dos Abates:
Motivo: MOD_FALLING 7 vezes
Motivo: MOD_TRIGGER_HURT 20 vezes
Motivo: MOD_ROCKET_SPLASH 49 vezes
Motivo: MOD_ROCKET 29 vezes
Motivo: MOD_SHOTGUN 7 vezes
Motivo: MOD_RAILGUN 9 vezes
Motivo: MOD_MACHINEGUN 9 vezes

Game 8:
PLAYER: Oootsimo 16 KILLS
PLAYER: Isgalamido 20 KILLS
PLAYER: Zeh 12 KILLS
PLAYER: Dono da Bola 3 KILLS
PLAYER: Mal -2 KILLS
PLAYER: Assasinu Credi 10 KILLS

Causas dos Abates:
Motivo: MOD_TRIGGER_HURT 9 vezes
Motivo: MOD_ROCKET 18 vezes
Motivo: MOD_ROCKET_SPLASH 39 vezes
Motivo: MOD_FALLING 6 vezes
Motivo: MOD_RAILGUN 12 vezes
Motivo: MOD_MACHINEGUN 4 vezes
Motivo: MOD_SHOTGUN 1 vezes

Game 9:
PLAYER: Oootsimo 9 KILLS
PLAYER: Isgalamido 2 KILLS
PLAYER: Zeh 12 KILLS
PLAYER: Dono da Bola -1 KILLS
PLAYER: Mal 3 KILLS
PLAYER: Assasinu Credi 10 KILLS
PLAYER: Chessus! 0 KILLS
PLAYER: Chessus 8 KILLS

Causas dos Abates:
Motivo: MOD_TRIGGER_HURT 8 vezes
Motivo: MOD_ROCKET_SPLASH 25 vezes
Motivo: MOD_SHOTGUN 1 vezes
Motivo: MOD_ROCKET 17 vezes
Motivo: MOD_MACHINEGUN 3 vezes
Motivo: MOD_FALLING 3 vezes
Motivo: MOD_RAILGUN 10 vezes

Game 10:
PLAYER: Oootsimo -1 KILLS
PLAYER: Dono da Bola 3 KILLS
PLAYER: Zeh 7 KILLS
PLAYER: Chessus 5 KILLS
PLAYER: Mal 1 KILLS
PLAYER: Assasinu Credi 3 KILLS
PLAYER: Isgalamido 6 KILLS

Causas dos Abates:
Motivo: MOD_TELEFRAG 25 vezes
Motivo: MOD_TRIGGER_HURT 17 vezes
Motivo: MOD_ROCKET 4 vezes
Motivo: MOD_ROCKET_SPLASH 1 vezes
Motivo: MOD_RAILGUN 7 vezes
Motivo: MOD_BFG_SPLASH 2 vezes
Motivo: MOD_BFG 2 vezes
Motivo: MOD_MACHINEGUN 1 vezes
Motivo: MOD_CRUSH 1 vezes

Game 11:
PLAYER: Dono da Bola -2 KILLS
PLAYER: Isgalamido 5 KILLS
PLAYER: Zeh 0 KILLS
PLAYER: Oootsimo 4 KILLS
PLAYER: Chessus 0 KILLS
PLAYER: Assasinu Credi -3 KILLS
PLAYER: UnnamedPlayer 0 KILLS
PLAYER: Mal 0 KILLS

Causas dos Abates:
Motivo: MOD_TRIGGER_HURT 7 vezes
Motivo: MOD_CRUSH 1 vezes
Motivo: MOD_ROCKET_SPLASH 4 vezes
Motivo: MOD_BFG_SPLASH 3 vezes
Motivo: MOD_MACHINEGUN 1 vezes
Motivo: MOD_RAILGUN 4 vezes

Game 12:
PLAYER: Isgalamido 26 KILLS
PLAYER: Dono da Bola 3 KILLS
PLAYER: Zeh 13 KILLS
PLAYER: Oootsimo 13 KILLS
PLAYER: Chessus 13 KILLS
PLAYER: Assasinu Credi 20 KILLS
PLAYER: Mal -6 KILLS

Causas dos Abates:
Motivo: MOD_TRIGGER_HURT 37 vezes
Motivo: MOD_RAILGUN 38 vezes
Motivo: MOD_ROCKET_SPLASH 35 vezes
Motivo: MOD_BFG_SPLASH 8 vezes
Motivo: MOD_ROCKET 25 vezes
Motivo: MOD_MACHINEGUN 7 vezes
Motivo: MOD_BFG 8 vezes
Motivo: MOD_FALLING 2 vezes

Game 13:
PLAYER: Isgalamido -1 KILLS
PLAYER: Dono da Bola -1 KILLS
PLAYER: Zeh 2 KILLS
PLAYER: Oootsimo 2 KILLS
PLAYER: Chessus 0 KILLS
PLAYER: Assasinu Credi 0 KILLS
PLAYER: Mal 0 KILLS

Causas dos Abates:
Motivo: MOD_TRIGGER_HURT 2 vezes
Motivo: MOD_ROCKET 1 vezes
Motivo: MOD_ROCKET_SPLASH 1 vezes
Motivo: MOD_BFG_SPLASH 1 vezes
Motivo: MOD_BFG 1 vezes

Game 14:
PLAYER: Isgalamido 22 KILLS
PLAYER: Dono da Bola 2 KILLS
PLAYER: Zeh 5 KILLS
PLAYER: Oootsimo 9 KILLS
PLAYER: Chessus 7 KILLS
PLAYER: Assasinu Credi 7 KILLS
PLAYER: Mal -2 KILLS

Causas dos Abates:
Motivo: MOD_RAILGUN 20 vezes
Motivo: MOD_TRIGGER_HURT 31 vezes
Motivo: MOD_ROCKET 23 vezes
Motivo: MOD_ROCKET_SPLASH 24 vezes
Motivo: MOD_MACHINEGUN 4 vezes
Motivo: MOD_BFG_SPLASH 10 vezes
Motivo: MOD_FALLING 5 vezes
Motivo: MOD_BFG 5 vezes

Game 15:
PLAYER: Zeh -3 KILLS
PLAYER: Assasinu Credi 0 KILLS
PLAYER: Dono da Bola 0 KILLS
PLAYER: Fasano Again 0 KILLS
PLAYER: Isgalamido 0 KILLS
PLAYER: Oootsimo 0 KILLS

Causas dos Abates:
Motivo: MOD_TRIGGER_HURT 3 vezes

Game 16:
PLAYER: Dono da Bola 0 KILLS
PLAYER: Oootsimo 0 KILLS
PLAYER: Isgalamido 0 KILLS
PLAYER: Assasinu Credi 0 KILLS
PLAYER: Zeh 0 KILLS

Causas dos Abates:

Game 17:
PLAYER: Dono da Bola -2 KILLS
PLAYER: Oootsimo 1 KILLS
PLAYER: Isgalamido 0 KILLS
PLAYER: Assasinu Credi -3 KILLS
PLAYER: Zeh 0 KILLS
PLAYER: UnnamedPlayer 0 KILLS
PLAYER: Mal -1 KILLS

Causas dos Abates:
Motivo: MOD_FALLING 3 vezes
Motivo: MOD_TRIGGER_HURT 6 vezes
Motivo: MOD_RAILGUN 2 vezes
Motivo: MOD_ROCKET_SPLASH 2 vezes

Game 18:
PLAYER: Dono da Bola -1 KILLS
PLAYER: Oootsimo 0 KILLS
PLAYER: Isgalamido 1 KILLS
PLAYER: Assasinu Credi 2 KILLS
PLAYER: Zeh 2 KILLS
PLAYER: Mal -1 KILLS

Causas dos Abates:
Motivo: MOD_ROCKET_SPLASH 4 vezes
Motivo: MOD_ROCKET 1 vezes
Motivo: MOD_FALLING 1 vezes
Motivo: MOD_TRIGGER_HURT 1 vezes

Game 19:
PLAYER: Isgalamido 14 KILLS
PLAYER: Oootsimo 10 KILLS
PLAYER: Dono da Bola 14 KILLS
PLAYER: Assasinu Credi 9 KILLS
PLAYER: Zeh 20 KILLS
PLAYER: Mal 2 KILLS

Causas dos Abates:
Motivo: MOD_TRIGGER_HURT 12 vezes
Motivo: MOD_ROCKET 27 vezes
Motivo: MOD_ROCKET_SPLASH 32 vezes
Motivo: MOD_SHOTGUN 6 vezes
Motivo: MOD_RAILGUN 10 vezes
Motivo: MOD_MACHINEGUN 7 vezes
Motivo: MOD_FALLING 1 vezes

Game 20:
PLAYER: Isgalamido 0 KILLS
PLAYER: Oootsimo 1 KILLS
PLAYER: Dono da Bola 2 KILLS
PLAYER: Assasinu Credi 0 KILLS
PLAYER: Zeh 0 KILLS
PLAYER: Mal 0 KILLS

Causas dos Abates:
Motivo: MOD_ROCKET_SPLASH 2 vezes
Motivo: MOD_ROCKET 1 vezes

Game 21:
PLAYER: Isgalamido 17 KILLS
PLAYER: Oootsimo 22 KILLS
PLAYER: Dono da Bola 14 KILLS
PLAYER: Assasinu Credi 19 KILLS
PLAYER: Zeh 19 KILLS
PLAYER: Mal 6 KILLS

Causas dos Abates:
Motivo: MOD_ROCKET 37 vezes
Motivo: MOD_TRIGGER_HURT 14 vezes
Motivo: MOD_RAILGUN 9 vezes
Motivo: MOD_ROCKET_SPLASH 60 vezes
Motivo: MOD_MACHINEGUN 4 vezes
Motivo: MOD_SHOTGUN 4 vezes
Motivo: MOD_FALLING 3 vezes

